
Fatbin elf code:
================
arch = sm_53
code version = [1,7]
producer = cuda
host = linux
compile_size = 64bit

	code for sm_53
		Function : _Z8GPU_CalcPfS_S_jj
	.headerflags    @"EF_CUDA_SM53 EF_CUDA_PTX_SM(EF_CUDA_SM53)"
                                                                                      /* 0x001c4400e22007f6 */
        /*0008*/                   MOV R1, c[0x0][0x20] ;                             /* 0x4c98078000870001 */
        /*0010*/                   S2R R2, SR_CTAID.Y ;                               /* 0xf0c8000002670002 */
        /*0018*/                   S2R R4, SR_TID.Y ;                                 /* 0xf0c8000002270004 */
                                                                                      /* 0x083fc400e7e00731 */
        /*0028*/                   S2R R0, SR_TID.X ;                                 /* 0xf0c8000002170000 */
        /*0030*/                   S2R R3, SR_CTAID.X ;                               /* 0xf0c8000002570003 */
        /*0038*/                   XMAD R4, R2.reuse, c[0x0] [0xc], R4 ;              /* 0x4e00020000370204 */
                                                                                      /* 0x085fc400fc2207f6 */
        /*0048*/                   XMAD.MRG R5, R2.reuse, c[0x0] [0xc].H1, RZ ;       /* 0x4f107f8000370205 */
        /*0050*/                   XMAD.PSL.CBCC R2, R2.H1, R5.H1, R4 ;               /* 0x5b30021800570202 */
        /*0058*/                   XMAD R0, R3.reuse, c[0x0] [0x8], R0 ;              /* 0x4e00000000270300 */
                                                                                      /* 0x001fec00fe4207f4 */
        /*0068*/                   XMAD.MRG R5, R3.reuse, c[0x0] [0x8].H1, RZ ;       /* 0x4f107f8000270305 */
        /*0070*/                   ISETP.GE.U32.AND P0, PT, R2, c[0x0][0x15c], PT ;   /* 0x4b6c038005770207 */
        /*0078*/                   XMAD.PSL.CBCC R0, R3.H1, R5.H1, R0 ;               /* 0x5b30001800570300 */
                                                                                      /* 0x081fc400ffa007ed */
        /*0088*/                   ISETP.LT.U32.AND P0, PT, R0, c[0x0][0x158], !P0 ;  /* 0x4b62040005670007 */
        /*0090*/              @!P0 EXIT ;                                             /* 0xe30000000008000f */
        /*0098*/                   XMAD R0, R2.reuse, c[0x0] [0x158], R0 ;            /* 0x4e00000005670200 */
                                                                                      /* 0x081fc400fec207f6 */
        /*00a8*/                   XMAD.MRG R3, R2.reuse, c[0x0] [0x158].H1, RZ ;     /* 0x4f107f8005670203 */
        /*00b0*/                   XMAD.PSL.CBCC R2, R2.H1, R3.H1, R0 ;               /* 0x5b30001800370202 */
        /*00b8*/                   SHL R6, R2.reuse, 0x2 ;                            /* 0x3848000000270206 */
                                                                                      /* 0x081fc800fcc007f5 */
        /*00c8*/                   SHR.U32 R0, R2, 0x1e ;                             /* 0x3828000001e70200 */
        /*00d0*/                   IADD R4.CC, R6, c[0x0][0x140] ;                    /* 0x4c10800005070604 */
        /*00d8*/                   IADD.X R5, R0.reuse, c[0x0][0x144] ;               /* 0x4c10080005170005 */
                                                                                      /* 0x081fc800fec207f0 */
        /*00e8*/         {         IADD R2.CC, R6.reuse, c[0x0][0x148] ;              /* 0x4c10800005270602 */
        /*00f0*/                   LDG.E R4, [R4]         }
                                                                                      /* 0xeed4200000070404 */
        /*00f8*/                   IADD.X R3, R0.reuse, c[0x0][0x14c] ;               /* 0x4c10080005370003 */
                                                                                      /* 0x001f9c00fec007b1 */
        /*0108*/                   LDG.E R2, [R2] ;                                   /* 0xeed4200000070202 */
        /*0110*/                   IADD R6.CC, R6, c[0x0][0x150] ;                    /* 0x4c10800005470606 */
        /*0118*/                   IADD.X R7, R0, c[0x0][0x154] ;                     /* 0x4c10080005570007 */
                                                                                      /* 0x001ffc00fe2107f2 */
        /*0128*/                   FADD R0, R2, R4 ;                                  /* 0x5c58000000470200 */
        /*0130*/                   STG.E [R6], R0 ;                                   /* 0xeedc200000070600 */
        /*0138*/                   EXIT ;                                             /* 0xe30000000007000f */
                                                                                      /* 0x001f8000fc0007ff */
        /*0148*/                   BRA 0x140 ;                                        /* 0xe2400fffff07000f */
        /*0150*/                   NOP;                                               /* 0x50b0000000070f00 */
        /*0158*/                   NOP;                                               /* 0x50b0000000070f00 */
                                                                                      /* 0x001f8000fc0007e0 */
        /*0168*/                   NOP;                                               /* 0x50b0000000070f00 */
        /*0170*/                   NOP;                                               /* 0x50b0000000070f00 */
        /*0178*/                   NOP;                                               /* 0x50b0000000070f00 */
		..............................


