
Fatbin elf code:
================
arch = sm_53
code version = [1,7]
producer = cuda
host = linux
compile_size = 64bit

	code for sm_53
		Function : _Z13Device_Kernelv
	.headerflags    @"EF_CUDA_SM53 EF_CUDA_PTX_SM(EF_CUDA_SM53)"
                                                                                  /* 0x001c4400fe0007f6 */
        /*0008*/                   MOV R1, c[0x0][0x20] ;                         /* 0x4c98078000870001 */
        /*0010*/         {         IADD32I R1, R1, -0x20 ;                        /* 0x1c0ffffffe070101 */
        /*0018*/                   S2R R13, SR_TID.Y         }
                                                                                  /* 0xf0c800000227000d */
                                                                                  /* 0x001fc000e22007f0 */
        /*0028*/         {         MOV R12, c[0x0][0x8] ;                         /* 0x4c9807800027000c */
        /*0030*/                   S2R R14, SR_CTAID.Y         }
                                                                                  /* 0xf0c800000267000e */
        /*0038*/         {         MOV R15, c[0x0][0xc] ;                         /* 0x4c9807800037000f */
                                                                                  /* 0x001cc400fe000734 */
        /*0048*/                   S2R R10, SR_TID.X         }
                                                                                  /* 0xf0c800000217000a */
        /*0050*/         {         LOP.OR R6, R1, c[0x0][0x4] ;                   /* 0x4c47020000170106 */
        /*0058*/                   S2R R11, SR_CTAID.X         }
                                                                                  /* 0xf0c800000257000b */
                                                                                  /* 0x001ff400fc2007f1 */
        /*0068*/                   MOV32I R4, 0x0 ;                               /* 0x010000000007f004 */
        /*0070*/                   MOV32I R5, 0x0 ;                               /* 0x010000000007f005 */
        /*0078*/                   MOV R7, RZ ;                                   /* 0x5c9807800ff70007 */
                                                                                  /* 0x081fd8001e220ff0 */
        /*0088*/         {         XMAD R9, R14.reuse, c[0x0] [0xc], R13 ;        /* 0x4e00068000370e09 */
        /*0090*/                   STL.128 [R1+0x10], R12         }
                                                                                  /* 0xef5600000107010c */
        /*0098*/                   XMAD.MRG R0, R14.reuse, c[0x0] [0xc].H1, RZ ;  /* 0x4f107f8000370e00 */
                                                                                  /* 0x081fd842fe2007f1 */
        /*00a8*/                   XMAD.PSL.CBCC R9, R14.H1, R0.H1, R9 ;          /* 0x5b30049800070e09 */
        /*00b0*/                   XMAD R8, R11.reuse, c[0x0] [0x8], R10 ;        /* 0x4e00050000270b08 */
        /*00b8*/                   XMAD.MRG R2, R11.reuse, c[0x0] [0x8].H1, RZ ;  /* 0x4f107f8000270b02 */
                                                                                  /* 0x003ff4001e8007e2 */
        /*00c8*/                   XMAD.PSL.CBCC R8, R11.H1, R2.H1, R8 ;          /* 0x5b30041800270b08 */
        /*00d0*/                   STL.128 [R1], R8 ;                             /* 0xef56000000070108 */
        /*00d8*/                   JCAL 0x0 ;                                     /* 0xe220000000000040 */
                                                                                  /* 0x001f8000ffe007ff */
        /*00e8*/                   EXIT ;                                         /* 0xe30000000007000f */
        /*00f0*/                   BRA 0xf0 ;                                     /* 0xe2400fffff87000f */
        /*00f8*/                   NOP;                                           /* 0x50b0000000070f00 */
		.............................


