
Fatbin elf code:
================
arch = sm_53
code version = [1,7]
producer = cuda
host = linux
compile_size = 64bit

	code for sm_53
		Function : _Z13Device_KernelP7__half2
	.headerflags    @"EF_CUDA_SM53 EF_CUDA_PTX_SM(EF_CUDA_SM53)"
                                                                                 /* 0x001c7c00e22007f6 */
        /*0008*/                   MOV R1, c[0x0][0x20] ;                        /* 0x4c98078000870001 */
        /*0010*/                   S2R R0, SR_TID.X ;                            /* 0xf0c8000002170000 */
        /*0018*/                   S2R R2, SR_CTAID.X ;                          /* 0xf0c8000002570002 */
                                                                                 /* 0x001fd840fec20ff1 */
        /*0028*/                   XMAD R0, R2.reuse, c[0x0] [0x8], R0 ;         /* 0x4e00000000270200 */
        /*0030*/                   XMAD.MRG R3, R2.reuse, c[0x0] [0x8].H1, RZ ;  /* 0x4f107f8000270203 */
        /*0038*/                   XMAD.PSL.CBCC R2, R2.H1, R3.H1, R0 ;          /* 0x5b30001800370202 */
                                                                                 /* 0x081fc400ffa007ed */
        /*0048*/                   ISETP.GT.U32.AND P0, PT, R2, 0x7ffff, PT ;    /* 0x366803fffff70207 */
        /*0050*/               @P0 EXIT ;                                        /* 0xe30000000000000f */
        /*0058*/                   SHR.U32 R0, R2.reuse, 0x1e ;                  /* 0x3828000001e70200 */
                                                                                 /* 0x0002f400fee007f6 */
        /*0068*/                   ISCADD R2.CC, R2, c[0x0][0x140], 0x2 ;        /* 0x4c18810005070202 */
        /*0070*/                   IADD.X R3, R0, c[0x0][0x144] ;                /* 0x4c10080005170003 */
        /*0078*/                   LDG.E R5, [R2] ;                              /* 0xeed4200000070205 */
                                                                                 /* 0x001fd401fe200ff6 */
        /*0088*/                   MOV32I R4, 0xffff0000 ;                       /* 0x010ffff00007f004 */
        /*0090*/                   MOV32I R0, 0x3cf0 ;                           /* 0x01000003cf07f000 */
        /*0098*/                   IADD32I R4, R4, 0x40 ;                        /* 0x1c00000004070404 */
                                                                                 /* 0x203c5800fea91711 */
        /*00a8*/                   HFMA2 R5, R5, 0.5, 0.5, R0.H0_H0.reuse ;      /* 0x704000380e070505 */
        /*00b0*/                   ISETP.NE.AND P0, PT, R4, RZ, PT ;             /* 0x5b6b03800ff70407 */
        /*00b8*/                   HFMA2 R5, R5, 0.5, 0.5, R0.H0_H0.reuse ;      /* 0x704000380e070505 */
                                                                                 /* 0x203c5901e2c00f06 */
        /*00c8*/                   HFMA2 R5, R5, 0.5, 0.5, R0.H0_H0 ;            /* 0x704000380e070505 */
        /*00d0*/                   HFMA2 R5, R5, 0.5, 0.5, R0.H0_H0.reuse ;      /* 0x704000380e070505 */
        /*00d8*/                   HFMA2 R5, R5, 0.5, 0.5, R0.H0_H0.reuse ;      /* 0x704000380e070505 */
                                                                                 /* 0x203c5901e2c80f16 */
        /*00e8*/                   HFMA2 R5, R5, 0.5, 0.5, R0.H0_H0.reuse ;      /* 0x704000380e070505 */
        /*00f0*/                   HFMA2 R5, R5, 0.5, 0.5, R0.H0_H0.reuse ;      /* 0x704000380e070505 */
        /*00f8*/                   HFMA2 R5, R5, 0.5, 0.5, R0.H0_H0.reuse ;      /* 0x704000380e070505 */
                                                                                 /* 0x003c7501e2c00f06 */
        /*0108*/                   HFMA2 R5, R5, 0.5, 0.5, R0.H0_H0 ;            /* 0x704000380e070505 */
        /*0110*/                   HFMA2 R5, R5, 0.5, 0.5, R0.H0_H0.reuse ;      /* 0x704000380e070505 */
        /*0118*/                   HFMA2 R5, R5, 0.5, 0.5, R0.H0_H0 ;            /* 0x704000380e070505 */
                                                                                 /* 0x203c5901e2c80f16 */
        /*0128*/                   HFMA2 R5, R5, 0.5, 0.5, R0.H0_H0.reuse ;      /* 0x704000380e070505 */
        /*0130*/                   HFMA2 R5, R5, 0.5, 0.5, R0.H0_H0.reuse ;      /* 0x704000380e070505 */
        /*0138*/                   HFMA2 R5, R5, 0.5, 0.5, R0.H0_H0.reuse ;      /* 0x704000380e070505 */
                                                                                 /* 0x203c5801e0c80f16 */
        /*0148*/                   HFMA2 R5, R5, 0.5, 0.5, R0.H0_H0.reuse ;      /* 0x704000380e070505 */
        /*0150*/                   HFMA2 R5, R5, 0.5, 0.5, R0.H0_H0 ;            /* 0x704000380e070505 */
        /*0158*/                   HFMA2 R5, R5, 0.5, 0.5, R0.H0_H0.reuse ;      /* 0x704000380e070505 */
                                                                                 /* 0x203c5901e2c80f16 */
        /*0168*/                   HFMA2 R5, R5, 0.5, 0.5, R0.H0_H0.reuse ;      /* 0x704000380e070505 */
        /*0170*/                   HFMA2 R5, R5, 0.5, 0.5, R0.H0_H0.reuse ;      /* 0x704000380e070505 */
        /*0178*/                   HFMA2 R5, R5, 0.5, 0.5, R0.H0_H0.reuse ;      /* 0x704000380e070505 */
                                                                                 /* 0x003c7401e0c80f16 */
        /*0188*/                   HFMA2 R5, R5, 0.5, 0.5, R0.H0_H0.reuse ;      /* 0x704000380e070505 */
        /*0190*/                   HFMA2 R5, R5, 0.5, 0.5, R0.H0_H0 ;            /* 0x704000380e070505 */
        /*0198*/                   HFMA2 R5, R5, 0.5, 0.5, R0.H0_H0 ;            /* 0x704000380e070505 */
                                                                                 /* 0x203c5901e2c80f16 */
        /*01a8*/                   HFMA2 R5, R5, 0.5, 0.5, R0.H0_H0.reuse ;      /* 0x704000380e070505 */
        /*01b0*/                   HFMA2 R5, R5, 0.5, 0.5, R0.H0_H0.reuse ;      /* 0x704000380e070505 */
        /*01b8*/                   HFMA2 R5, R5, 0.5, 0.5, R0.H0_H0.reuse ;      /* 0x704000380e070505 */
                                                                                 /* 0x003c1901e2c80f16 */
        /*01c8*/                   HFMA2 R5, R5, 0.5, 0.5, R0.H0_H0.reuse ;      /* 0x704000380e070505 */
        /*01d0*/                   HFMA2 R5, R5, 0.5, 0.5, R0.H0_H0.reuse ;      /* 0x704000380e070505 */
        /*01d8*/                   HFMA2 R5, R5, 0.5, 0.5, R0.H0_H0 ;            /* 0x704000380e070505 */
                                                                                 /* 0x203c5901e2c80f16 */
        /*01e8*/                   HFMA2 R5, R5, 0.5, 0.5, R0.H0_H0.reuse ;      /* 0x704000380e070505 */
        /*01f0*/                   HFMA2 R5, R5, 0.5, 0.5, R0.H0_H0.reuse ;      /* 0x704000380e070505 */
        /*01f8*/                   HFMA2 R5, R5, 0.5, 0.5, R0.H0_H0.reuse ;      /* 0x704000380e070505 */
                                                                                 /* 0x003c7501e2c80f16 */
        /*0208*/                   HFMA2 R5, R5, 0.5, 0.5, R0.H0_H0.reuse ;      /* 0x704000380e070505 */
        /*0210*/                   HFMA2 R5, R5, 0.5, 0.5, R0.H0_H0.reuse ;      /* 0x704000380e070505 */
        /*0218*/                   HFMA2 R5, R5, 0.5, 0.5, R0.H0_H0 ;            /* 0x704000380e070505 */
                                                                                 /* 0x203c5901e2c00f06 */
        /*0228*/                   HFMA2 R5, R5, 0.5, 0.5, R0.H0_H0 ;            /* 0x704000380e070505 */
        /*0230*/                   HFMA2 R5, R5, 0.5, 0.5, R0.H0_H0.reuse ;      /* 0x704000380e070505 */
        /*0238*/                   HFMA2 R5, R5, 0.5, 0.5, R0.H0_H0.reuse ;      /* 0x704000380e070505 */
                                                                                 /* 0x203c5901e2c80f16 */
        /*0248*/                   HFMA2 R5, R5, 0.5, 0.5, R0.H0_H0.reuse ;      /* 0x704000380e070505 */
        /*0250*/                   HFMA2 R5, R5, 0.5, 0.5, R0.H0_H0.reuse ;      /* 0x704000380e070505 */
        /*0258*/                   HFMA2 R5, R5, 0.5, 0.5, R0.H0_H0.reuse ;      /* 0x704000380e070505 */
                                                                                 /* 0x203c5901e2c00f06 */
        /*0268*/                   HFMA2 R5, R5, 0.5, 0.5, R0.H0_H0 ;            /* 0x704000380e070505 */
        /*0270*/                   HFMA2 R5, R5, 0.5, 0.5, R0.H0_H0.reuse ;      /* 0x704000380e070505 */
        /*0278*/                   HFMA2 R5, R5, 0.5, 0.5, R0.H0_H0.reuse ;      /* 0x704000380e070505 */
                                                                                 /* 0x003c7501e2c80f16 */
        /*0288*/                   HFMA2 R5, R5, 0.5, 0.5, R0.H0_H0.reuse ;      /* 0x704000380e070505 */
        /*0290*/                   HFMA2 R5, R5, 0.5, 0.5, R0.H0_H0.reuse ;      /* 0x704000380e070505 */
        /*0298*/                   HFMA2 R5, R5, 0.5, 0.5, R0.H0_H0 ;            /* 0x704000380e070505 */
                                                                                 /* 0x203c5801e0c80f16 */
        /*02a8*/                   HFMA2 R5, R5, 0.5, 0.5, R0.H0_H0.reuse ;      /* 0x704000380e070505 */
        /*02b0*/                   HFMA2 R5, R5, 0.5, 0.5, R0.H0_H0 ;            /* 0x704000380e070505 */
        /*02b8*/                   HFMA2 R5, R5, 0.5, 0.5, R0.H0_H0.reuse ;      /* 0x704000380e070505 */
                                                                                 /* 0x203c5901e2c80f16 */
        /*02c8*/                   HFMA2 R5, R5, 0.5, 0.5, R0.H0_H0.reuse ;      /* 0x704000380e070505 */
        /*02d0*/                   HFMA2 R5, R5, 0.5, 0.5, R0.H0_H0.reuse ;      /* 0x704000380e070505 */
        /*02d8*/                   HFMA2 R5, R5, 0.5, 0.5, R0.H0_H0.reuse ;      /* 0x704000380e070505 */
                                                                                 /* 0x203c5801e0c80f16 */
        /*02e8*/                   HFMA2 R5, R5, 0.5, 0.5, R0.H0_H0.reuse ;      /* 0x704000380e070505 */
        /*02f0*/                   HFMA2 R5, R5, 0.5, 0.5, R0.H0_H0 ;            /* 0x704000380e070505 */
        /*02f8*/                   HFMA2 R5, R5, 0.5, 0.5, R0.H0_H0.reuse ;      /* 0x704000380e070505 */
                                                                                 /* 0x003c7501e2c80f16 */
        /*0308*/                   HFMA2 R5, R5, 0.5, 0.5, R0.H0_H0.reuse ;      /* 0x704000380e070505 */
        /*0310*/                   HFMA2 R5, R5, 0.5, 0.5, R0.H0_H0.reuse ;      /* 0x704000380e070505 */
        /*0318*/                   HFMA2 R5, R5, 0.5, 0.5, R0.H0_H0 ;            /* 0x704000380e070505 */
                                                                                 /* 0x003c1901e2c80f16 */
        /*0328*/                   HFMA2 R5, R5, 0.5, 0.5, R0.H0_H0.reuse ;      /* 0x704000380e070505 */
        /*0330*/                   HFMA2 R5, R5, 0.5, 0.5, R0.H0_H0.reuse ;      /* 0x704000380e070505 */
        /*0338*/                   HFMA2 R5, R5, 0.5, 0.5, R0.H0_H0 ;            /* 0x704000380e070505 */
                                                                                 /* 0x001ff40106080f16 */
        /*0348*/                   HFMA2 R5, R5, 0.5, 0.5, R0.H0_H0.reuse ;      /* 0x704000380e070505 */
        /*0350*/         {         HFMA2 R5, R5, 0.5, 0.5, R0.H0_H0 ;            /* 0x704000380e070505 */
        /*0358*/               @P0 BRA 0x90         }
                                                                                 /* 0xe2400fffd300000f */
                                                                                 /* 0x001ffc00ffe01ff1 */
        /*0368*/                   STG.E [R2], R5 ;                              /* 0xeedc200000070205 */
        /*0370*/                   EXIT ;                                        /* 0xe30000000007000f */
        /*0378*/                   BRA 0x378 ;                                   /* 0xe2400fffff87000f */
		.....................................


