
Fatbin elf code:
================
arch = sm_53
code version = [1,7]
producer = cuda
host = linux
compile_size = 64bit

	code for sm_53
		Function : _Z13Device_KernelPfff
	.headerflags    @"EF_CUDA_SM53 EF_CUDA_PTX_SM(EF_CUDA_SM53)"
                                                                                   /* 0x001c7c00e22007f6 */
        /*0008*/                   MOV R1, c[0x0][0x20] ;                          /* 0x4c98078000870001 */
        /*0010*/                   S2R R0, SR_TID.X ;                              /* 0xf0c8000002170000 */
        /*0018*/                   S2R R2, SR_CTAID.X ;                            /* 0xf0c8000002570002 */
                                                                                   /* 0x001fd840fec20ff1 */
        /*0028*/                   XMAD R0, R2.reuse, c[0x0] [0x8], R0 ;           /* 0x4e00000000270200 */
        /*0030*/                   XMAD.MRG R3, R2.reuse, c[0x0] [0x8].H1, RZ ;    /* 0x4f107f8000270203 */
        /*0038*/                   XMAD.PSL.CBCC R2, R2.H1, R3.H1, R0 ;            /* 0x5b30001800370202 */
                                                                                   /* 0x081fc400ffa007ed */
        /*0048*/                   ISETP.GT.U32.AND P0, PT, R2, c[0x2][0x0], PT ;  /* 0x4b68038800070207 */
        /*0050*/               @P0 EXIT ;                                          /* 0xe30000000000000f */
        /*0058*/                   SHR.U32 R0, R2.reuse, 0x1e ;                    /* 0x3828000001e70200 */
                                                                                   /* 0x0002f400fee007f6 */
        /*0068*/                   ISCADD R2.CC, R2, c[0x0][0x140], 0x2 ;          /* 0x4c18810005070202 */
        /*0070*/                   IADD.X R3, R0, c[0x0][0x144] ;                  /* 0x4c10080005170003 */
        /*0078*/                   LDG.E R5, [R2] ;                                /* 0xeed4200000070205 */
                                                                                   /* 0x001fd400fe200ff6 */
        /*0088*/                   MOV32I R4, 0xffff0000 ;                         /* 0x010ffff00007f004 */
        /*0090*/                   MOV R0, c[0x0][0x148] ;                         /* 0x4c98078005270000 */
        /*0098*/                   IADD32I R4, R4, 0x100 ;                         /* 0x1c00000010070404 */
                                                                                   /* 0x101fd800fea507f1 */
        /*00a8*/                   FFMA R5, R5, R0.reuse, c[0x0][0x14c] ;          /* 0x5180000005370505 */
        /*00b0*/                   ISETP.NE.AND P0, PT, R4, RZ, PT ;               /* 0x5b6b03800ff70407 */
        /*00b8*/                   FFMA R5, R5, R0.reuse, c[0x0][0x14c] ;          /* 0x5180000005370505 */
                                                                                   /* 0x101fd880fec007e6 */
        /*00c8*/                   FFMA R5, R5, R0, c[0x0][0x14c] ;                /* 0x5180000005370505 */
        /*00d0*/                   FFMA R5, R5, R0.reuse, c[0x0][0x14c] ;          /* 0x5180000005370505 */
        /*00d8*/                   FFMA R5, R5, R0.reuse, c[0x0][0x14c] ;          /* 0x5180000005370505 */
                                                                                   /* 0x101fd880fec407f6 */
        /*00e8*/                   FFMA R5, R5, R0.reuse, c[0x0][0x14c] ;          /* 0x5180000005370505 */
        /*00f0*/                   FFMA R5, R5, R0.reuse, c[0x0][0x14c] ;          /* 0x5180000005370505 */
        /*00f8*/                   FFMA R5, R5, R0.reuse, c[0x0][0x14c] ;          /* 0x5180000005370505 */
                                                                                   /* 0x001ff480fec007e6 */
        /*0108*/                   FFMA R5, R5, R0, c[0x0][0x14c] ;                /* 0x5180000005370505 */
        /*0110*/                   FFMA R5, R5, R0.reuse, c[0x0][0x14c] ;          /* 0x5180000005370505 */
        /*0118*/                   FFMA R5, R5, R0, c[0x0][0x14c] ;                /* 0x5180000005370505 */
                                                                                   /* 0x101fd880fec407f6 */
        /*0128*/                   FFMA R5, R5, R0.reuse, c[0x0][0x14c] ;          /* 0x5180000005370505 */
        /*0130*/                   FFMA R5, R5, R0.reuse, c[0x0][0x14c] ;          /* 0x5180000005370505 */
        /*0138*/                   FFMA R5, R5, R0.reuse, c[0x0][0x14c] ;          /* 0x5180000005370505 */
                                                                                   /* 0x101fd800fcc407f6 */
        /*0148*/                   FFMA R5, R5, R0.reuse, c[0x0][0x14c] ;          /* 0x5180000005370505 */
        /*0150*/                   FFMA R5, R5, R0, c[0x0][0x14c] ;                /* 0x5180000005370505 */
        /*0158*/                   FFMA R5, R5, R0.reuse, c[0x0][0x14c] ;          /* 0x5180000005370505 */
                                                                                   /* 0x101fd880fec407f6 */
        /*0168*/                   FFMA R5, R5, R0.reuse, c[0x0][0x14c] ;          /* 0x5180000005370505 */
        /*0170*/                   FFMA R5, R5, R0.reuse, c[0x0][0x14c] ;          /* 0x5180000005370505 */
        /*0178*/                   FFMA R5, R5, R0.reuse, c[0x0][0x14c] ;          /* 0x5180000005370505 */
                                                                                   /* 0x001ff400fcc407f6 */
        /*0188*/                   FFMA R5, R5, R0.reuse, c[0x0][0x14c] ;          /* 0x5180000005370505 */
        /*0190*/                   FFMA R5, R5, R0, c[0x0][0x14c] ;                /* 0x5180000005370505 */
        /*0198*/                   FFMA R5, R5, R0, c[0x0][0x14c] ;                /* 0x5180000005370505 */
                                                                                   /* 0x101fd880fec407f6 */
        /*01a8*/                   FFMA R5, R5, R0.reuse, c[0x0][0x14c] ;          /* 0x5180000005370505 */
        /*01b0*/                   FFMA R5, R5, R0.reuse, c[0x0][0x14c] ;          /* 0x5180000005370505 */
        /*01b8*/                   FFMA R5, R5, R0.reuse, c[0x0][0x14c] ;          /* 0x5180000005370505 */
                                                                                   /* 0x001f9880fec407f6 */
        /*01c8*/                   FFMA R5, R5, R0.reuse, c[0x0][0x14c] ;          /* 0x5180000005370505 */
        /*01d0*/                   FFMA R5, R5, R0.reuse, c[0x0][0x14c] ;          /* 0x5180000005370505 */
        /*01d8*/                   FFMA R5, R5, R0, c[0x0][0x14c] ;                /* 0x5180000005370505 */
                                                                                   /* 0x101fd880fec407f6 */
        /*01e8*/                   FFMA R5, R5, R0.reuse, c[0x0][0x14c] ;          /* 0x5180000005370505 */
        /*01f0*/                   FFMA R5, R5, R0.reuse, c[0x0][0x14c] ;          /* 0x5180000005370505 */
        /*01f8*/                   FFMA R5, R5, R0.reuse, c[0x0][0x14c] ;          /* 0x5180000005370505 */
                                                                                   /* 0x001ff480fec407f6 */
        /*0208*/                   FFMA R5, R5, R0.reuse, c[0x0][0x14c] ;          /* 0x5180000005370505 */
        /*0210*/                   FFMA R5, R5, R0.reuse, c[0x0][0x14c] ;          /* 0x5180000005370505 */
        /*0218*/                   FFMA R5, R5, R0, c[0x0][0x14c] ;                /* 0x5180000005370505 */
                                                                                   /* 0x101fd880fec007e6 */
        /*0228*/                   FFMA R5, R5, R0, c[0x0][0x14c] ;                /* 0x5180000005370505 */
        /*0230*/                   FFMA R5, R5, R0.reuse, c[0x0][0x14c] ;          /* 0x5180000005370505 */
        /*0238*/                   FFMA R5, R5, R0.reuse, c[0x0][0x14c] ;          /* 0x5180000005370505 */
                                                                                   /* 0x101fd880fec407f6 */
        /*0248*/                   FFMA R5, R5, R0.reuse, c[0x0][0x14c] ;          /* 0x5180000005370505 */
        /*0250*/                   FFMA R5, R5, R0.reuse, c[0x0][0x14c] ;          /* 0x5180000005370505 */
        /*0258*/                   FFMA R5, R5, R0.reuse, c[0x0][0x14c] ;          /* 0x5180000005370505 */
                                                                                   /* 0x101fd880fec007e6 */
        /*0268*/                   FFMA R5, R5, R0, c[0x0][0x14c] ;                /* 0x5180000005370505 */
        /*0270*/                   FFMA R5, R5, R0.reuse, c[0x0][0x14c] ;          /* 0x5180000005370505 */
        /*0278*/                   FFMA R5, R5, R0.reuse, c[0x0][0x14c] ;          /* 0x5180000005370505 */
                                                                                   /* 0x001ff480fec407f6 */
        /*0288*/                   FFMA R5, R5, R0.reuse, c[0x0][0x14c] ;          /* 0x5180000005370505 */
        /*0290*/                   FFMA R5, R5, R0.reuse, c[0x0][0x14c] ;          /* 0x5180000005370505 */
        /*0298*/                   FFMA R5, R5, R0, c[0x0][0x14c] ;                /* 0x5180000005370505 */
                                                                                   /* 0x101fd800fcc407f6 */
        /*02a8*/                   FFMA R5, R5, R0.reuse, c[0x0][0x14c] ;          /* 0x5180000005370505 */
        /*02b0*/                   FFMA R5, R5, R0, c[0x0][0x14c] ;                /* 0x5180000005370505 */
        /*02b8*/                   FFMA R5, R5, R0.reuse, c[0x0][0x14c] ;          /* 0x5180000005370505 */
                                                                                   /* 0x101fd880fec407f6 */
        /*02c8*/                   FFMA R5, R5, R0.reuse, c[0x0][0x14c] ;          /* 0x5180000005370505 */
        /*02d0*/                   FFMA R5, R5, R0.reuse, c[0x0][0x14c] ;          /* 0x5180000005370505 */
        /*02d8*/                   FFMA R5, R5, R0.reuse, c[0x0][0x14c] ;          /* 0x5180000005370505 */
                                                                                   /* 0x101fd800fcc407f6 */
        /*02e8*/                   FFMA R5, R5, R0.reuse, c[0x0][0x14c] ;          /* 0x5180000005370505 */
        /*02f0*/                   FFMA R5, R5, R0, c[0x0][0x14c] ;                /* 0x5180000005370505 */
        /*02f8*/                   FFMA R5, R5, R0.reuse, c[0x0][0x14c] ;          /* 0x5180000005370505 */
                                                                                   /* 0x001ff480fec407f6 */
        /*0308*/                   FFMA R5, R5, R0.reuse, c[0x0][0x14c] ;          /* 0x5180000005370505 */
        /*0310*/                   FFMA R5, R5, R0.reuse, c[0x0][0x14c] ;          /* 0x5180000005370505 */
        /*0318*/                   FFMA R5, R5, R0, c[0x0][0x14c] ;                /* 0x5180000005370505 */
                                                                                   /* 0x001f9880fec407f6 */
        /*0328*/                   FFMA R5, R5, R0.reuse, c[0x0][0x14c] ;          /* 0x5180000005370505 */
        /*0330*/                   FFMA R5, R5, R0.reuse, c[0x0][0x14c] ;          /* 0x5180000005370505 */
        /*0338*/                   FFMA R5, R5, R0, c[0x0][0x14c] ;                /* 0x5180000005370505 */
                                                                                   /* 0x101fd880fec407f6 */
        /*0348*/                   FFMA R5, R5, R0.reuse, c[0x0][0x14c] ;          /* 0x5180000005370505 */
        /*0350*/                   FFMA R5, R5, R0.reuse, c[0x0][0x14c] ;          /* 0x5180000005370505 */
        /*0358*/                   FFMA R5, R5, R0.reuse, c[0x0][0x14c] ;          /* 0x5180000005370505 */
                                                                                   /* 0x001f9880fec407f6 */
        /*0368*/                   FFMA R5, R5, R0.reuse, c[0x0][0x14c] ;          /* 0x5180000005370505 */
        /*0370*/                   FFMA R5, R5, R0.reuse, c[0x0][0x14c] ;          /* 0x5180000005370505 */
        /*0378*/                   FFMA R5, R5, R0, c[0x0][0x14c] ;                /* 0x5180000005370505 */
                                                                                   /* 0x001ff480fec407f6 */
        /*0388*/                   FFMA R5, R5, R0.reuse, c[0x0][0x14c] ;          /* 0x5180000005370505 */
        /*0390*/                   FFMA R5, R5, R0.reuse, c[0x0][0x14c] ;          /* 0x5180000005370505 */
        /*0398*/                   FFMA R5, R5, R0, c[0x0][0x14c] ;                /* 0x5180000005370505 */
                                                                                   /* 0x101fd880fec407f6 */
        /*03a8*/                   FFMA R5, R5, R0.reuse, c[0x0][0x14c] ;          /* 0x5180000005370505 */
        /*03b0*/                   FFMA R5, R5, R0.reuse, c[0x0][0x14c] ;          /* 0x5180000005370505 */
        /*03b8*/                   FFMA R5, R5, R0.reuse, c[0x0][0x14c] ;          /* 0x5180000005370505 */
                                                                                   /* 0x101fd880fec007e6 */
        /*03c8*/                   FFMA R5, R5, R0, c[0x0][0x14c] ;                /* 0x5180000005370505 */
        /*03d0*/                   FFMA R5, R5, R0.reuse, c[0x0][0x14c] ;          /* 0x5180000005370505 */
        /*03d8*/                   FFMA R5, R5, R0.reuse, c[0x0][0x14c] ;          /* 0x5180000005370505 */
                                                                                   /* 0x101fd880fec407f6 */
        /*03e8*/                   FFMA R5, R5, R0.reuse, c[0x0][0x14c] ;          /* 0x5180000005370505 */
        /*03f0*/                   FFMA R5, R5, R0.reuse, c[0x0][0x14c] ;          /* 0x5180000005370505 */
        /*03f8*/                   FFMA R5, R5, R0.reuse, c[0x0][0x14c] ;          /* 0x5180000005370505 */
                                                                                   /* 0x001ff480fec007e6 */
        /*0408*/                   FFMA R5, R5, R0, c[0x0][0x14c] ;                /* 0x5180000005370505 */
        /*0410*/                   FFMA R5, R5, R0.reuse, c[0x0][0x14c] ;          /* 0x5180000005370505 */
        /*0418*/                   FFMA R5, R5, R0, c[0x0][0x14c] ;                /* 0x5180000005370505 */
                                                                                   /* 0x101fd880fec407f6 */
        /*0428*/                   FFMA R5, R5, R0.reuse, c[0x0][0x14c] ;          /* 0x5180000005370505 */
        /*0430*/                   FFMA R5, R5, R0.reuse, c[0x0][0x14c] ;          /* 0x5180000005370505 */
        /*0438*/                   FFMA R5, R5, R0.reuse, c[0x0][0x14c] ;          /* 0x5180000005370505 */
                                                                                   /* 0x101fd800fcc407f6 */
        /*0448*/                   FFMA R5, R5, R0.reuse, c[0x0][0x14c] ;          /* 0x5180000005370505 */
        /*0450*/                   FFMA R5, R5, R0, c[0x0][0x14c] ;                /* 0x5180000005370505 */
        /*0458*/                   FFMA R5, R5, R0.reuse, c[0x0][0x14c] ;          /* 0x5180000005370505 */
                                                                                   /* 0x101fd880fec407f6 */
        /*0468*/                   FFMA R5, R5, R0.reuse, c[0x0][0x14c] ;          /* 0x5180000005370505 */
        /*0470*/                   FFMA R5, R5, R0.reuse, c[0x0][0x14c] ;          /* 0x5180000005370505 */
        /*0478*/                   FFMA R5, R5, R0.reuse, c[0x0][0x14c] ;          /* 0x5180000005370505 */
                                                                                   /* 0x001ff400fcc407f6 */
        /*0488*/                   FFMA R5, R5, R0.reuse, c[0x0][0x14c] ;          /* 0x5180000005370505 */
        /*0490*/                   FFMA R5, R5, R0, c[0x0][0x14c] ;                /* 0x5180000005370505 */
        /*0498*/                   FFMA R5, R5, R0, c[0x0][0x14c] ;                /* 0x5180000005370505 */
                                                                                   /* 0x101fd880fec407f6 */
        /*04a8*/                   FFMA R5, R5, R0.reuse, c[0x0][0x14c] ;          /* 0x5180000005370505 */
        /*04b0*/                   FFMA R5, R5, R0.reuse, c[0x0][0x14c] ;          /* 0x5180000005370505 */
        /*04b8*/                   FFMA R5, R5, R0.reuse, c[0x0][0x14c] ;          /* 0x5180000005370505 */
                                                                                   /* 0x001f9880fec407f6 */
        /*04c8*/                   FFMA R5, R5, R0.reuse, c[0x0][0x14c] ;          /* 0x5180000005370505 */
        /*04d0*/                   FFMA R5, R5, R0.reuse, c[0x0][0x14c] ;          /* 0x5180000005370505 */
        /*04d8*/                   FFMA R5, R5, R0, c[0x0][0x14c] ;                /* 0x5180000005370505 */
                                                                                   /* 0x101fd880fec407f6 */
        /*04e8*/                   FFMA R5, R5, R0.reuse, c[0x0][0x14c] ;          /* 0x5180000005370505 */
        /*04f0*/                   FFMA R5, R5, R0.reuse, c[0x0][0x14c] ;          /* 0x5180000005370505 */
        /*04f8*/                   FFMA R5, R5, R0.reuse, c[0x0][0x14c] ;          /* 0x5180000005370505 */
                                                                                   /* 0x001ff480fec407f6 */
        /*0508*/                   FFMA R5, R5, R0.reuse, c[0x0][0x14c] ;          /* 0x5180000005370505 */
        /*0510*/                   FFMA R5, R5, R0.reuse, c[0x0][0x14c] ;          /* 0x5180000005370505 */
        /*0518*/                   FFMA R5, R5, R0, c[0x0][0x14c] ;                /* 0x5180000005370505 */
                                                                                   /* 0x101fd880fec007e6 */
        /*0528*/                   FFMA R5, R5, R0, c[0x0][0x14c] ;                /* 0x5180000005370505 */
        /*0530*/                   FFMA R5, R5, R0.reuse, c[0x0][0x14c] ;          /* 0x5180000005370505 */
        /*0538*/                   FFMA R5, R5, R0.reuse, c[0x0][0x14c] ;          /* 0x5180000005370505 */
                                                                                   /* 0x101fd880fec407f6 */
        /*0548*/                   FFMA R5, R5, R0.reuse, c[0x0][0x14c] ;          /* 0x5180000005370505 */
        /*0550*/                   FFMA R5, R5, R0.reuse, c[0x0][0x14c] ;          /* 0x5180000005370505 */
        /*0558*/                   FFMA R5, R5, R0.reuse, c[0x0][0x14c] ;          /* 0x5180000005370505 */
                                                                                   /* 0x101fd880fec007e6 */
        /*0568*/                   FFMA R5, R5, R0, c[0x0][0x14c] ;                /* 0x5180000005370505 */
        /*0570*/                   FFMA R5, R5, R0.reuse, c[0x0][0x14c] ;          /* 0x5180000005370505 */
        /*0578*/                   FFMA R5, R5, R0.reuse, c[0x0][0x14c] ;          /* 0x5180000005370505 */
                                                                                   /* 0x001ff480fec407f6 */
        /*0588*/                   FFMA R5, R5, R0.reuse, c[0x0][0x14c] ;          /* 0x5180000005370505 */
        /*0590*/                   FFMA R5, R5, R0.reuse, c[0x0][0x14c] ;          /* 0x5180000005370505 */
        /*0598*/                   FFMA R5, R5, R0, c[0x0][0x14c] ;                /* 0x5180000005370505 */
                                                                                   /* 0x101fd800fcc407f6 */
        /*05a8*/                   FFMA R5, R5, R0.reuse, c[0x0][0x14c] ;          /* 0x5180000005370505 */
        /*05b0*/                   FFMA R5, R5, R0, c[0x0][0x14c] ;                /* 0x5180000005370505 */
        /*05b8*/                   FFMA R5, R5, R0.reuse, c[0x0][0x14c] ;          /* 0x5180000005370505 */
                                                                                   /* 0x101fd880fec407f6 */
        /*05c8*/                   FFMA R5, R5, R0.reuse, c[0x0][0x14c] ;          /* 0x5180000005370505 */
        /*05d0*/                   FFMA R5, R5, R0.reuse, c[0x0][0x14c] ;          /* 0x5180000005370505 */
        /*05d8*/                   FFMA R5, R5, R0.reuse, c[0x0][0x14c] ;          /* 0x5180000005370505 */
                                                                                   /* 0x101fd800fcc407f6 */
        /*05e8*/                   FFMA R5, R5, R0.reuse, c[0x0][0x14c] ;          /* 0x5180000005370505 */
        /*05f0*/                   FFMA R5, R5, R0, c[0x0][0x14c] ;                /* 0x5180000005370505 */
        /*05f8*/                   FFMA R5, R5, R0.reuse, c[0x0][0x14c] ;          /* 0x5180000005370505 */
                                                                                   /* 0x001ff480fec407f6 */
        /*0608*/                   FFMA R5, R5, R0.reuse, c[0x0][0x14c] ;          /* 0x5180000005370505 */
        /*0610*/                   FFMA R5, R5, R0.reuse, c[0x0][0x14c] ;          /* 0x5180000005370505 */
        /*0618*/                   FFMA R5, R5, R0, c[0x0][0x14c] ;                /* 0x5180000005370505 */
                                                                                   /* 0x001f9880fec407f6 */
        /*0628*/                   FFMA R5, R5, R0.reuse, c[0x0][0x14c] ;          /* 0x5180000005370505 */
        /*0630*/                   FFMA R5, R5, R0.reuse, c[0x0][0x14c] ;          /* 0x5180000005370505 */
        /*0638*/                   FFMA R5, R5, R0, c[0x0][0x14c] ;                /* 0x5180000005370505 */
                                                                                   /* 0x101fd880fec407f6 */
        /*0648*/                   FFMA R5, R5, R0.reuse, c[0x0][0x14c] ;          /* 0x5180000005370505 */
        /*0650*/                   FFMA R5, R5, R0.reuse, c[0x0][0x14c] ;          /* 0x5180000005370505 */
        /*0658*/                   FFMA R5, R5, R0.reuse, c[0x0][0x14c] ;          /* 0x5180000005370505 */
                                                                                   /* 0x001f9880fec407f6 */
        /*0668*/                   FFMA R5, R5, R0.reuse, c[0x0][0x14c] ;          /* 0x5180000005370505 */
        /*0670*/                   FFMA R5, R5, R0.reuse, c[0x0][0x14c] ;          /* 0x5180000005370505 */
        /*0678*/                   FFMA R5, R5, R0, c[0x0][0x14c] ;                /* 0x5180000005370505 */
                                                                                   /* 0x001ff480fec407f6 */
        /*0688*/                   FFMA R5, R5, R0.reuse, c[0x0][0x14c] ;          /* 0x5180000005370505 */
        /*0690*/                   FFMA R5, R5, R0.reuse, c[0x0][0x14c] ;          /* 0x5180000005370505 */
        /*0698*/                   FFMA R5, R5, R0, c[0x0][0x14c] ;                /* 0x5180000005370505 */
                                                                                   /* 0x101fd880fec407f6 */
        /*06a8*/                   FFMA R5, R5, R0.reuse, c[0x0][0x14c] ;          /* 0x5180000005370505 */
        /*06b0*/                   FFMA R5, R5, R0.reuse, c[0x0][0x14c] ;          /* 0x5180000005370505 */
        /*06b8*/                   FFMA R5, R5, R0.reuse, c[0x0][0x14c] ;          /* 0x5180000005370505 */
                                                                                   /* 0x101fd880fec007e6 */
        /*06c8*/                   FFMA R5, R5, R0, c[0x0][0x14c] ;                /* 0x5180000005370505 */
        /*06d0*/                   FFMA R5, R5, R0.reuse, c[0x0][0x14c] ;          /* 0x5180000005370505 */
        /*06d8*/                   FFMA R5, R5, R0.reuse, c[0x0][0x14c] ;          /* 0x5180000005370505 */
                                                                                   /* 0x101fd880fec407f6 */
        /*06e8*/                   FFMA R5, R5, R0.reuse, c[0x0][0x14c] ;          /* 0x5180000005370505 */
        /*06f0*/                   FFMA R5, R5, R0.reuse, c[0x0][0x14c] ;          /* 0x5180000005370505 */
        /*06f8*/                   FFMA R5, R5, R0.reuse, c[0x0][0x14c] ;          /* 0x5180000005370505 */
                                                                                   /* 0x001ff480fec007e6 */
        /*0708*/                   FFMA R5, R5, R0, c[0x0][0x14c] ;                /* 0x5180000005370505 */
        /*0710*/                   FFMA R5, R5, R0.reuse, c[0x0][0x14c] ;          /* 0x5180000005370505 */
        /*0718*/                   FFMA R5, R5, R0, c[0x0][0x14c] ;                /* 0x5180000005370505 */
                                                                                   /* 0x101fd880fec407f6 */
        /*0728*/                   FFMA R5, R5, R0.reuse, c[0x0][0x14c] ;          /* 0x5180000005370505 */
        /*0730*/                   FFMA R5, R5, R0.reuse, c[0x0][0x14c] ;          /* 0x5180000005370505 */
        /*0738*/                   FFMA R5, R5, R0.reuse, c[0x0][0x14c] ;          /* 0x5180000005370505 */
                                                                                   /* 0x101fd800fcc407f6 */
        /*0748*/                   FFMA R5, R5, R0.reuse, c[0x0][0x14c] ;          /* 0x5180000005370505 */
        /*0750*/                   FFMA R5, R5, R0, c[0x0][0x14c] ;                /* 0x5180000005370505 */
        /*0758*/                   FFMA R5, R5, R0.reuse, c[0x0][0x14c] ;          /* 0x5180000005370505 */
                                                                                   /* 0x101fd880fec407f6 */
        /*0768*/                   FFMA R5, R5, R0.reuse, c[0x0][0x14c] ;          /* 0x5180000005370505 */
        /*0770*/                   FFMA R5, R5, R0.reuse, c[0x0][0x14c] ;          /* 0x5180000005370505 */
        /*0778*/                   FFMA R5, R5, R0.reuse, c[0x0][0x14c] ;          /* 0x5180000005370505 */
                                                                                   /* 0x001ff400fcc407f6 */
        /*0788*/                   FFMA R5, R5, R0.reuse, c[0x0][0x14c] ;          /* 0x5180000005370505 */
        /*0790*/                   FFMA R5, R5, R0, c[0x0][0x14c] ;                /* 0x5180000005370505 */
        /*0798*/                   FFMA R5, R5, R0, c[0x0][0x14c] ;                /* 0x5180000005370505 */
                                                                                   /* 0x101fd880fec407f6 */
        /*07a8*/                   FFMA R5, R5, R0.reuse, c[0x0][0x14c] ;          /* 0x5180000005370505 */
        /*07b0*/                   FFMA R5, R5, R0.reuse, c[0x0][0x14c] ;          /* 0x5180000005370505 */
        /*07b8*/                   FFMA R5, R5, R0.reuse, c[0x0][0x14c] ;          /* 0x5180000005370505 */
                                                                                   /* 0x001f9880fec407f6 */
        /*07c8*/                   FFMA R5, R5, R0.reuse, c[0x0][0x14c] ;          /* 0x5180000005370505 */
        /*07d0*/                   FFMA R5, R5, R0.reuse, c[0x0][0x14c] ;          /* 0x5180000005370505 */
        /*07d8*/                   FFMA R5, R5, R0, c[0x0][0x14c] ;                /* 0x5180000005370505 */
                                                                                   /* 0x101fd880fec407f6 */
        /*07e8*/                   FFMA R5, R5, R0.reuse, c[0x0][0x14c] ;          /* 0x5180000005370505 */
        /*07f0*/                   FFMA R5, R5, R0.reuse, c[0x0][0x14c] ;          /* 0x5180000005370505 */
        /*07f8*/                   FFMA R5, R5, R0.reuse, c[0x0][0x14c] ;          /* 0x5180000005370505 */
                                                                                   /* 0x001ff480fec407f6 */
        /*0808*/                   FFMA R5, R5, R0.reuse, c[0x0][0x14c] ;          /* 0x5180000005370505 */
        /*0810*/                   FFMA R5, R5, R0.reuse, c[0x0][0x14c] ;          /* 0x5180000005370505 */
        /*0818*/                   FFMA R5, R5, R0, c[0x0][0x14c] ;                /* 0x5180000005370505 */
                                                                                   /* 0x101fd880fec007e6 */
        /*0828*/                   FFMA R5, R5, R0, c[0x0][0x14c] ;                /* 0x5180000005370505 */
        /*0830*/                   FFMA R5, R5, R0.reuse, c[0x0][0x14c] ;          /* 0x5180000005370505 */
        /*0838*/                   FFMA R5, R5, R0.reuse, c[0x0][0x14c] ;          /* 0x5180000005370505 */
                                                                                   /* 0x101fd880fec407f6 */
        /*0848*/                   FFMA R5, R5, R0.reuse, c[0x0][0x14c] ;          /* 0x5180000005370505 */
        /*0850*/                   FFMA R5, R5, R0.reuse, c[0x0][0x14c] ;          /* 0x5180000005370505 */
        /*0858*/                   FFMA R5, R5, R0.reuse, c[0x0][0x14c] ;          /* 0x5180000005370505 */
                                                                                   /* 0x101fd880fec007e6 */
        /*0868*/                   FFMA R5, R5, R0, c[0x0][0x14c] ;                /* 0x5180000005370505 */
        /*0870*/                   FFMA R5, R5, R0.reuse, c[0x0][0x14c] ;          /* 0x5180000005370505 */
        /*0878*/                   FFMA R5, R5, R0.reuse, c[0x0][0x14c] ;          /* 0x5180000005370505 */
                                                                                   /* 0x001ff480fec407f6 */
        /*0888*/                   FFMA R5, R5, R0.reuse, c[0x0][0x14c] ;          /* 0x5180000005370505 */
        /*0890*/                   FFMA R5, R5, R0.reuse, c[0x0][0x14c] ;          /* 0x5180000005370505 */
        /*0898*/                   FFMA R5, R5, R0, c[0x0][0x14c] ;                /* 0x5180000005370505 */
                                                                                   /* 0x101fd800fcc407f6 */
        /*08a8*/                   FFMA R5, R5, R0.reuse, c[0x0][0x14c] ;          /* 0x5180000005370505 */
        /*08b0*/                   FFMA R5, R5, R0, c[0x0][0x14c] ;                /* 0x5180000005370505 */
        /*08b8*/                   FFMA R5, R5, R0.reuse, c[0x0][0x14c] ;          /* 0x5180000005370505 */
                                                                                   /* 0x101fd880fec407f6 */
        /*08c8*/                   FFMA R5, R5, R0.reuse, c[0x0][0x14c] ;          /* 0x5180000005370505 */
        /*08d0*/                   FFMA R5, R5, R0.reuse, c[0x0][0x14c] ;          /* 0x5180000005370505 */
        /*08d8*/                   FFMA R5, R5, R0.reuse, c[0x0][0x14c] ;          /* 0x5180000005370505 */
                                                                                   /* 0x101fd800fcc407f6 */
        /*08e8*/                   FFMA R5, R5, R0.reuse, c[0x0][0x14c] ;          /* 0x5180000005370505 */
        /*08f0*/                   FFMA R5, R5, R0, c[0x0][0x14c] ;                /* 0x5180000005370505 */
        /*08f8*/                   FFMA R5, R5, R0.reuse, c[0x0][0x14c] ;          /* 0x5180000005370505 */
                                                                                   /* 0x001ff480fec407f6 */
        /*0908*/                   FFMA R5, R5, R0.reuse, c[0x0][0x14c] ;          /* 0x5180000005370505 */
        /*0910*/                   FFMA R5, R5, R0.reuse, c[0x0][0x14c] ;          /* 0x5180000005370505 */
        /*0918*/                   FFMA R5, R5, R0, c[0x0][0x14c] ;                /* 0x5180000005370505 */
                                                                                   /* 0x001f9880fec407f6 */
        /*0928*/                   FFMA R5, R5, R0.reuse, c[0x0][0x14c] ;          /* 0x5180000005370505 */
        /*0930*/                   FFMA R5, R5, R0.reuse, c[0x0][0x14c] ;          /* 0x5180000005370505 */
        /*0938*/                   FFMA R5, R5, R0, c[0x0][0x14c] ;                /* 0x5180000005370505 */
                                                                                   /* 0x101fd880fec407f6 */
        /*0948*/                   FFMA R5, R5, R0.reuse, c[0x0][0x14c] ;          /* 0x5180000005370505 */
        /*0950*/                   FFMA R5, R5, R0.reuse, c[0x0][0x14c] ;          /* 0x5180000005370505 */
        /*0958*/                   FFMA R5, R5, R0.reuse, c[0x0][0x14c] ;          /* 0x5180000005370505 */
                                                                                   /* 0x001f9880fec407f6 */
        /*0968*/                   FFMA R5, R5, R0.reuse, c[0x0][0x14c] ;          /* 0x5180000005370505 */
        /*0970*/                   FFMA R5, R5, R0.reuse, c[0x0][0x14c] ;          /* 0x5180000005370505 */
        /*0978*/                   FFMA R5, R5, R0, c[0x0][0x14c] ;                /* 0x5180000005370505 */
                                                                                   /* 0x001ff480fec407f6 */
        /*0988*/                   FFMA R5, R5, R0.reuse, c[0x0][0x14c] ;          /* 0x5180000005370505 */
        /*0990*/                   FFMA R5, R5, R0.reuse, c[0x0][0x14c] ;          /* 0x5180000005370505 */
        /*0998*/                   FFMA R5, R5, R0, c[0x0][0x14c] ;                /* 0x5180000005370505 */
                                                                                   /* 0x101fd880fec407f6 */
        /*09a8*/                   FFMA R5, R5, R0.reuse, c[0x0][0x14c] ;          /* 0x5180000005370505 */
        /*09b0*/                   FFMA R5, R5, R0.reuse, c[0x0][0x14c] ;          /* 0x5180000005370505 */
        /*09b8*/                   FFMA R5, R5, R0.reuse, c[0x0][0x14c] ;          /* 0x5180000005370505 */
                                                                                   /* 0x101fd880fec007e6 */
        /*09c8*/                   FFMA R5, R5, R0, c[0x0][0x14c] ;                /* 0x5180000005370505 */
        /*09d0*/                   FFMA R5, R5, R0.reuse, c[0x0][0x14c] ;          /* 0x5180000005370505 */
        /*09d8*/                   FFMA R5, R5, R0.reuse, c[0x0][0x14c] ;          /* 0x5180000005370505 */
                                                                                   /* 0x101fd880fec407f6 */
        /*09e8*/                   FFMA R5, R5, R0.reuse, c[0x0][0x14c] ;          /* 0x5180000005370505 */
        /*09f0*/                   FFMA R5, R5, R0.reuse, c[0x0][0x14c] ;          /* 0x5180000005370505 */
        /*09f8*/                   FFMA R5, R5, R0.reuse, c[0x0][0x14c] ;          /* 0x5180000005370505 */
                                                                                   /* 0x001ff480fec007e6 */
        /*0a08*/                   FFMA R5, R5, R0, c[0x0][0x14c] ;                /* 0x5180000005370505 */
        /*0a10*/                   FFMA R5, R5, R0.reuse, c[0x0][0x14c] ;          /* 0x5180000005370505 */
        /*0a18*/                   FFMA R5, R5, R0, c[0x0][0x14c] ;                /* 0x5180000005370505 */
                                                                                   /* 0x101fd880fec407f6 */
        /*0a28*/                   FFMA R5, R5, R0.reuse, c[0x0][0x14c] ;          /* 0x5180000005370505 */
        /*0a30*/                   FFMA R5, R5, R0.reuse, c[0x0][0x14c] ;          /* 0x5180000005370505 */
        /*0a38*/                   FFMA R5, R5, R0.reuse, c[0x0][0x14c] ;          /* 0x5180000005370505 */
                                                                                   /* 0x101fd800fcc407f6 */
        /*0a48*/                   FFMA R5, R5, R0.reuse, c[0x0][0x14c] ;          /* 0x5180000005370505 */
        /*0a50*/                   FFMA R5, R5, R0, c[0x0][0x14c] ;                /* 0x5180000005370505 */
        /*0a58*/                   FFMA R5, R5, R0.reuse, c[0x0][0x14c] ;          /* 0x5180000005370505 */
                                                                                   /* 0x101fd880fec407f6 */
        /*0a68*/                   FFMA R5, R5, R0.reuse, c[0x0][0x14c] ;          /* 0x5180000005370505 */
        /*0a70*/                   FFMA R5, R5, R0.reuse, c[0x0][0x14c] ;          /* 0x5180000005370505 */
        /*0a78*/                   FFMA R5, R5, R0.reuse, c[0x0][0x14c] ;          /* 0x5180000005370505 */
                                                                                   /* 0x001ff400fcc407f6 */
        /*0a88*/                   FFMA R5, R5, R0.reuse, c[0x0][0x14c] ;          /* 0x5180000005370505 */
        /*0a90*/                   FFMA R5, R5, R0, c[0x0][0x14c] ;                /* 0x5180000005370505 */
        /*0a98*/                   FFMA R5, R5, R0, c[0x0][0x14c] ;                /* 0x5180000005370505 */
                                                                                   /* 0x101fd880fec407f6 */
        /*0aa8*/                   FFMA R5, R5, R0.reuse, c[0x0][0x14c] ;          /* 0x5180000005370505 */
        /*0ab0*/                   FFMA R5, R5, R0.reuse, c[0x0][0x14c] ;          /* 0x5180000005370505 */
        /*0ab8*/                   FFMA R5, R5, R0.reuse, c[0x0][0x14c] ;          /* 0x5180000005370505 */
                                                                                   /* 0x001f9880fec407f6 */
        /*0ac8*/                   FFMA R5, R5, R0.reuse, c[0x0][0x14c] ;          /* 0x5180000005370505 */
        /*0ad0*/                   FFMA R5, R5, R0.reuse, c[0x0][0x14c] ;          /* 0x5180000005370505 */
        /*0ad8*/                   FFMA R5, R5, R0, c[0x0][0x14c] ;                /* 0x5180000005370505 */
                                                                                   /* 0x101fd880fec407f6 */
        /*0ae8*/                   FFMA R5, R5, R0.reuse, c[0x0][0x14c] ;          /* 0x5180000005370505 */
        /*0af0*/                   FFMA R5, R5, R0.reuse, c[0x0][0x14c] ;          /* 0x5180000005370505 */
        /*0af8*/                   FFMA R5, R5, R0.reuse, c[0x0][0x14c] ;          /* 0x5180000005370505 */
                                                                                   /* 0x001ff480fec407f6 */
        /*0b08*/                   FFMA R5, R5, R0.reuse, c[0x0][0x14c] ;          /* 0x5180000005370505 */
        /*0b10*/                   FFMA R5, R5, R0.reuse, c[0x0][0x14c] ;          /* 0x5180000005370505 */
        /*0b18*/                   FFMA R5, R5, R0, c[0x0][0x14c] ;                /* 0x5180000005370505 */
                                                                                   /* 0x101fd880fec007e6 */
        /*0b28*/                   FFMA R5, R5, R0, c[0x0][0x14c] ;                /* 0x5180000005370505 */
        /*0b30*/                   FFMA R5, R5, R0.reuse, c[0x0][0x14c] ;          /* 0x5180000005370505 */
        /*0b38*/                   FFMA R5, R5, R0.reuse, c[0x0][0x14c] ;          /* 0x5180000005370505 */
                                                                                   /* 0x001ff400fe0407f6 */
        /*0b48*/                   FFMA R5, R5, R0.reuse, c[0x0][0x14c] ;          /* 0x5180000005370505 */
        /*0b50*/         {         FFMA R5, R5, R0, c[0x0][0x14c] ;                /* 0x5180000005370505 */
        /*0b58*/               @P0 BRA 0x90         }
                                                                                   /* 0xe2400fff5300000f */
                                                                                   /* 0x001ffc00ffe007f1 */
        /*0b68*/                   STG.E [R2], R5 ;                                /* 0xeedc200000070205 */
        /*0b70*/                   EXIT ;                                          /* 0xe30000000007000f */
        /*0b78*/                   BRA 0xb78 ;                                     /* 0xe2400fffff87000f */
		................................


